2018-01-28 16:00:16,344 [Worker-2] INFO  c.g.t.t.d.PublishedGradleVersions - Gradle version information cache is up-to-date. Trying to read.
2018-01-28 16:24:00,351 [Worker-24] INFO  o.e.m.c.i.l.LifecycleMappingFactory - Using org.eclipse.m2e.jdt.JarLifecycleMapping lifecycle mapping for MavenProject: iCare:iCareServer:0.0.1-SNAPSHOT @ C:\Users\User\Desktop\Project_Management\Project-Management-Master\Projects\iCareServer\pom.xml.
2018-01-28 16:24:02,627 [Worker-24] INFO  o.e.m.j.i.AbstractJavaProjectConfigurator - Adding source folder /iCareServer/src/main/java
2018-01-28 16:24:02,630 [Worker-24] INFO  o.e.m.j.i.AbstractJavaProjectConfigurator - Adding resource folder /iCareServer/src/main/resources
2018-01-28 16:24:02,631 [Worker-24] INFO  o.e.m.j.i.AbstractJavaProjectConfigurator - Adding source folder /iCareServer/src/test/java
2018-01-28 16:24:02,632 [Worker-24] INFO  o.e.m.j.i.AbstractJavaProjectConfigurator - Adding resource folder /iCareServer/src/test/resources
2018-01-28 16:24:04,520 [Worker-21] WARN  o.e.m.c.i.embedder.EclipseLogger - Using platform encoding (Cp1252 actually) to copy filtered resources, i.e. build is platform dependent!
2018-01-28 16:24:04,676 [Worker-21] INFO  o.e.m.c.i.embedder.EclipseLogger - Copying 0 resource
2018-01-28 16:24:04,678 [Worker-21] WARN  o.e.m.c.i.embedder.EclipseLogger - Using platform encoding (Cp1252 actually) to copy filtered resources, i.e. build is platform dependent!
2018-01-28 16:24:04,680 [Worker-21] INFO  o.e.m.c.i.embedder.EclipseLogger - Copying 0 resource
2018-01-28 16:24:22,729 [Worker-26] WARN  o.e.m.c.i.embedder.EclipseLogger - Using platform encoding (Cp1252 actually) to copy filtered resources, i.e. build is platform dependent!
2018-01-28 16:24:22,735 [Worker-26] INFO  o.e.m.c.i.embedder.EclipseLogger - Copying 0 resource
2018-01-28 16:24:22,737 [Worker-26] WARN  o.e.m.c.i.embedder.EclipseLogger - Using platform encoding (Cp1252 actually) to copy filtered resources, i.e. build is platform dependent!
2018-01-28 16:24:22,742 [Worker-26] INFO  o.e.m.c.i.embedder.EclipseLogger - Copying 0 resource
2018-01-28 16:25:45,986 [DefaultMetadataResolver-0-1] INFO  o.e.m.c.i.e.AbstractTransferListenerAdapter - Downloading https://repo.maven.apache.org/maven2/org/springframework/boot/spring-boot-maven-plugin/maven-metadata.xml
2018-01-28 16:25:46,082 [DefaultMetadataResolver-0-1] INFO  o.e.m.c.i.e.AbstractTransferListenerAdapter - Downloaded https://repo.maven.apache.org/maven2/org/springframework/boot/spring-boot-maven-plugin/maven-metadata.xml
2018-01-28 16:25:46,214 [DefaultMetadataResolver-0-0] INFO  o.e.m.c.i.e.AbstractTransferListenerAdapter - Downloading https://repo.spring.io/libs-release/org/springframework/boot/spring-boot-maven-plugin/maven-metadata.xml
2018-01-28 16:25:46,636 [DefaultMetadataResolver-0-0] INFO  o.e.m.c.i.e.AbstractTransferListenerAdapter - Downloaded https://repo.spring.io/libs-release/org/springframework/boot/spring-boot-maven-plugin/maven-metadata.xml
2018-01-28 16:25:46,799 [Worker-27] INFO  o.e.m.c.i.e.AbstractTransferListenerAdapter - Downloading https://repo.spring.io/libs-release/org/springframework/boot/spring-boot-maven-plugin/1.5.9.RELEASE/spring-boot-maven-plugin-1.5.9.RELEASE.pom
2018-01-28 16:25:46,954 [Worker-27] INFO  o.e.m.c.i.e.AbstractTransferListenerAdapter - Downloaded https://repo.spring.io/libs-release/org/springframework/boot/spring-boot-maven-plugin/1.5.9.RELEASE/spring-boot-maven-plugin-1.5.9.RELEASE.pom
2018-01-28 16:25:47,110 [Worker-27] INFO  o.e.m.c.i.e.AbstractTransferListenerAdapter - Downloading https://repo.spring.io/libs-release/org/springframework/boot/spring-boot-tools/1.5.9.RELEASE/spring-boot-tools-1.5.9.RELEASE.pom
2018-01-28 16:25:47,257 [Worker-27] INFO  o.e.m.c.i.e.AbstractTransferListenerAdapter - Downloaded https://repo.spring.io/libs-release/org/springframework/boot/spring-boot-tools/1.5.9.RELEASE/spring-boot-tools-1.5.9.RELEASE.pom
2018-01-28 16:25:47,411 [Worker-27] INFO  o.e.m.c.i.e.AbstractTransferListenerAdapter - Downloading https://repo.spring.io/libs-release/org/springframework/boot/spring-boot-parent/1.5.9.RELEASE/spring-boot-parent-1.5.9.RELEASE.pom
2018-01-28 16:25:47,664 [Worker-27] INFO  o.e.m.c.i.e.AbstractTransferListenerAdapter - Downloaded https://repo.spring.io/libs-release/org/springframework/boot/spring-boot-parent/1.5.9.RELEASE/spring-boot-parent-1.5.9.RELEASE.pom
2018-01-28 16:25:47,825 [Worker-27] INFO  o.e.m.c.i.e.AbstractTransferListenerAdapter - Downloading https://repo.spring.io/libs-release/org/springframework/boot/spring-boot-dependencies/1.5.9.RELEASE/spring-boot-dependencies-1.5.9.RELEASE.pom
2018-01-28 16:25:48,483 [Worker-27] INFO  o.e.m.c.i.e.AbstractTransferListenerAdapter - Downloaded https://repo.spring.io/libs-release/org/springframework/boot/spring-boot-dependencies/1.5.9.RELEASE/spring-boot-dependencies-1.5.9.RELEASE.pom
2018-01-28 16:25:48,672 [Worker-27] INFO  o.e.m.c.i.e.AbstractTransferListenerAdapter - Downloading https://repo.spring.io/libs-release/com/fasterxml/jackson/jackson-bom/2.8.10/jackson-bom-2.8.10.pom
2018-01-28 16:25:48,839 [Worker-27] INFO  o.e.m.c.i.e.AbstractTransferListenerAdapter - Downloaded https://repo.spring.io/libs-release/com/fasterxml/jackson/jackson-bom/2.8.10/jackson-bom-2.8.10.pom
2018-01-28 16:25:49,080 [Worker-27] INFO  o.e.m.c.i.e.AbstractTransferListenerAdapter - Downloading https://repo.spring.io/libs-release/com/fasterxml/jackson/jackson-parent/2.8/jackson-parent-2.8.pom
2018-01-28 16:25:49,264 [Worker-27] INFO  o.e.m.c.i.e.AbstractTransferListenerAdapter - Downloaded https://repo.spring.io/libs-release/com/fasterxml/jackson/jackson-parent/2.8/jackson-parent-2.8.pom
2018-01-28 16:25:49,411 [Worker-27] INFO  o.e.m.c.i.e.AbstractTransferListenerAdapter - Downloading https://repo.spring.io/libs-release/com/fasterxml/oss-parent/27/oss-parent-27.pom
2018-01-28 16:25:49,587 [Worker-27] INFO  o.e.m.c.i.e.AbstractTransferListenerAdapter - Downloaded https://repo.spring.io/libs-release/com/fasterxml/oss-parent/27/oss-parent-27.pom
2018-01-28 16:25:49,753 [Worker-27] INFO  o.e.m.c.i.e.AbstractTransferListenerAdapter - Downloading https://repo.spring.io/libs-release/org/apache/logging/log4j/log4j-bom/2.7/log4j-bom-2.7.pom
2018-01-28 16:25:49,903 [Worker-27] INFO  o.e.m.c.i.e.AbstractTransferListenerAdapter - Downloaded https://repo.spring.io/libs-release/org/apache/logging/log4j/log4j-bom/2.7/log4j-bom-2.7.pom
2018-01-28 16:25:50,095 [Worker-27] INFO  o.e.m.c.i.e.AbstractTransferListenerAdapter - Downloading https://repo.spring.io/libs-release/org/springframework/spring-framework-bom/4.3.13.RELEASE/spring-framework-bom-4.3.13.RELEASE.pom
2018-01-28 16:25:50,245 [Worker-27] INFO  o.e.m.c.i.e.AbstractTransferListenerAdapter - Downloaded https://repo.spring.io/libs-release/org/springframework/spring-framework-bom/4.3.13.RELEASE/spring-framework-bom-4.3.13.RELEASE.pom
2018-01-28 16:25:50,398 [Worker-27] INFO  o.e.m.c.i.e.AbstractTransferListenerAdapter - Downloading https://repo.spring.io/libs-release/org/springframework/data/spring-data-releasetrain/Ingalls-SR9/spring-data-releasetrain-Ingalls-SR9.pom
2018-01-28 16:25:50,543 [Worker-27] INFO  o.e.m.c.i.e.AbstractTransferListenerAdapter - Downloaded https://repo.spring.io/libs-release/org/springframework/data/spring-data-releasetrain/Ingalls-SR9/spring-data-releasetrain-Ingalls-SR9.pom
2018-01-28 16:25:50,694 [Worker-27] INFO  o.e.m.c.i.e.AbstractTransferListenerAdapter - Downloading https://repo.spring.io/libs-release/org/springframework/data/build/spring-data-build/1.9.9.RELEASE/spring-data-build-1.9.9.RELEASE.pom
2018-01-28 16:25:50,850 [Worker-27] INFO  o.e.m.c.i.e.AbstractTransferListenerAdapter - Downloaded https://repo.spring.io/libs-release/org/springframework/data/build/spring-data-build/1.9.9.RELEASE/spring-data-build-1.9.9.RELEASE.pom
2018-01-28 16:25:51,005 [Worker-27] INFO  o.e.m.c.i.e.AbstractTransferListenerAdapter - Downloading https://repo.spring.io/libs-release/org/springframework/integration/spring-integration-bom/4.3.12.RELEASE/spring-integration-bom-4.3.12.RELEASE.pom
2018-01-28 16:25:51,166 [Worker-27] INFO  o.e.m.c.i.e.AbstractTransferListenerAdapter - Downloaded https://repo.spring.io/libs-release/org/springframework/integration/spring-integration-bom/4.3.12.RELEASE/spring-integration-bom-4.3.12.RELEASE.pom
2018-01-28 16:25:51,316 [Worker-27] INFO  o.e.m.c.i.e.AbstractTransferListenerAdapter - Downloading https://repo.spring.io/libs-release/org/springframework/security/spring-security-bom/4.2.3.RELEASE/spring-security-bom-4.2.3.RELEASE.pom
2018-01-28 16:25:51,471 [Worker-27] INFO  o.e.m.c.i.e.AbstractTransferListenerAdapter - Downloaded https://repo.spring.io/libs-release/org/springframework/security/spring-security-bom/4.2.3.RELEASE/spring-security-bom-4.2.3.RELEASE.pom
2018-01-28 16:25:51,651 [Worker-27] INFO  o.e.m.c.i.e.AbstractTransferListenerAdapter - Downloading https://repo.spring.io/libs-release/org/springframework/boot/spring-boot-maven-plugin/1.5.9.RELEASE/spring-boot-maven-plugin-1.5.9.RELEASE.jar
2018-01-28 16:25:52,011 [Worker-27] INFO  o.e.m.c.i.e.AbstractTransferListenerAdapter - Downloaded https://repo.spring.io/libs-release/org/springframework/boot/spring-boot-maven-plugin/1.5.9.RELEASE/spring-boot-maven-plugin-1.5.9.RELEASE.jar
2018-01-28 16:25:53,772 [Worker-27] INFO  o.e.m.c.i.l.LifecycleMappingFactory - Using org.eclipse.m2e.jdt.JarLifecycleMapping lifecycle mapping for MavenProject: iCare:iCareServer:0.0.1-SNAPSHOT @ C:\Users\User\Desktop\Project_Management\Project-Management-Master\Projects\iCareServer\pom.xml.
2018-01-28 16:26:07,948 [Worker-24] INFO  o.e.m.c.i.e.AbstractTransferListenerAdapter - Downloading https://repo.spring.io/libs-release/org/springframework/boot/spring-boot-starter-parent/1.5.9.RELEASE/spring-boot-starter-parent-1.5.9.RELEASE.pom
2018-01-28 16:26:08,095 [Worker-24] INFO  o.e.m.c.i.e.AbstractTransferListenerAdapter - Downloaded https://repo.spring.io/libs-release/org/springframework/boot/spring-boot-starter-parent/1.5.9.RELEASE/spring-boot-starter-parent-1.5.9.RELEASE.pom
2018-01-28 16:26:08,558 [Worker-24] INFO  o.e.m.c.i.e.AbstractTransferListenerAdapter - Downloading https://repo.spring.io/libs-release/org/springframework/boot/spring-boot-starter-web/1.5.9.RELEASE/spring-boot-starter-web-1.5.9.RELEASE.pom
2018-01-28 16:26:08,712 [Worker-24] INFO  o.e.m.c.i.e.AbstractTransferListenerAdapter - Downloaded https://repo.spring.io/libs-release/org/springframework/boot/spring-boot-starter-web/1.5.9.RELEASE/spring-boot-starter-web-1.5.9.RELEASE.pom
2018-01-28 16:26:08,869 [Worker-24] INFO  o.e.m.c.i.e.AbstractTransferListenerAdapter - Downloading https://repo.spring.io/libs-release/org/springframework/boot/spring-boot-starters/1.5.9.RELEASE/spring-boot-starters-1.5.9.RELEASE.pom
2018-01-28 16:26:09,007 [Worker-26] INFO  o.e.m.c.i.e.AbstractTransferListenerAdapter - Downloading https://repo.spring.io/libs-release/org/apache/maven/plugins/maven-clean-plugin/2.6.1/maven-clean-plugin-2.6.1.jar
2018-01-28 16:26:09,019 [Worker-24] INFO  o.e.m.c.i.e.AbstractTransferListenerAdapter - Downloaded https://repo.spring.io/libs-release/org/springframework/boot/spring-boot-starters/1.5.9.RELEASE/spring-boot-starters-1.5.9.RELEASE.pom
2018-01-28 16:26:09,246 [Worker-24] INFO  o.e.m.c.i.e.AbstractTransferListenerAdapter - Downloading https://repo.spring.io/libs-release/org/springframework/boot/spring-boot-starter/1.5.9.RELEASE/spring-boot-starter-1.5.9.RELEASE.pom
2018-01-28 16:26:09,272 [Worker-26] INFO  o.e.m.c.i.e.AbstractTransferListenerAdapter - Downloaded https://repo.spring.io/libs-release/org/apache/maven/plugins/maven-clean-plugin/2.6.1/maven-clean-plugin-2.6.1.jar
2018-01-28 16:26:09,408 [Worker-24] INFO  o.e.m.c.i.e.AbstractTransferListenerAdapter - Downloaded https://repo.spring.io/libs-release/org/springframework/boot/spring-boot-starter/1.5.9.RELEASE/spring-boot-starter-1.5.9.RELEASE.pom
2018-01-28 16:26:09,630 [Worker-24] INFO  o.e.m.c.i.e.AbstractTransferListenerAdapter - Downloading https://repo.spring.io/libs-release/org/springframework/boot/spring-boot/1.5.9.RELEASE/spring-boot-1.5.9.RELEASE.pom
2018-01-28 16:26:09,648 [Worker-26] INFO  o.e.m.c.i.e.AbstractTransferListenerAdapter - Downloading https://repo.spring.io/libs-release/org/apache/maven/plugins/maven-surefire-plugin/2.18.1/maven-surefire-plugin-2.18.1.jar
2018-01-28 16:26:09,778 [Worker-24] INFO  o.e.m.c.i.e.AbstractTransferListenerAdapter - Downloaded https://repo.spring.io/libs-release/org/springframework/boot/spring-boot/1.5.9.RELEASE/spring-boot-1.5.9.RELEASE.pom
2018-01-28 16:26:09,925 [Worker-26] INFO  o.e.m.c.i.e.AbstractTransferListenerAdapter - Downloaded https://repo.spring.io/libs-release/org/apache/maven/plugins/maven-surefire-plugin/2.18.1/maven-surefire-plugin-2.18.1.jar
2018-01-28 16:26:09,936 [Worker-24] INFO  o.e.m.c.i.e.AbstractTransferListenerAdapter - Downloading https://repo.spring.io/libs-release/org/springframework/spring-core/4.3.13.RELEASE/spring-core-4.3.13.RELEASE.pom
2018-01-28 16:26:10,088 [Worker-24] INFO  o.e.m.c.i.e.AbstractTransferListenerAdapter - Downloaded https://repo.spring.io/libs-release/org/springframework/spring-core/4.3.13.RELEASE/spring-core-4.3.13.RELEASE.pom
2018-01-28 16:26:10,238 [Worker-26] INFO  o.e.m.c.i.e.AbstractTransferListenerAdapter - Downloading https://repo.spring.io/libs-release/org/apache/maven/plugins/maven-jar-plugin/2.6/maven-jar-plugin-2.6.jar
2018-01-28 16:26:10,242 [Worker-24] INFO  o.e.m.c.i.e.AbstractTransferListenerAdapter - Downloading https://repo.spring.io/libs-release/org/springframework/spring-context/4.3.13.RELEASE/spring-context-4.3.13.RELEASE.pom
2018-01-28 16:26:10,419 [Worker-24] INFO  o.e.m.c.i.e.AbstractTransferListenerAdapter - Downloaded https://repo.spring.io/libs-release/org/springframework/spring-context/4.3.13.RELEASE/spring-context-4.3.13.RELEASE.pom
2018-01-28 16:26:10,576 [Worker-24] INFO  o.e.m.c.i.e.AbstractTransferListenerAdapter - Downloading https://repo.spring.io/libs-release/org/springframework/spring-aop/4.3.13.RELEASE/spring-aop-4.3.13.RELEASE.pom
2018-01-28 16:26:10,717 [Worker-24] INFO  o.e.m.c.i.e.AbstractTransferListenerAdapter - Downloaded https://repo.spring.io/libs-release/org/springframework/spring-aop/4.3.13.RELEASE/spring-aop-4.3.13.RELEASE.pom
2018-01-28 16:26:10,772 [Worker-26] INFO  o.e.m.c.i.e.AbstractTransferListenerAdapter - Downloaded https://repo.spring.io/libs-release/org/apache/maven/plugins/maven-jar-plugin/2.6/maven-jar-plugin-2.6.jar
2018-01-28 16:26:10,874 [Worker-24] INFO  o.e.m.c.i.e.AbstractTransferListenerAdapter - Downloading https://repo.spring.io/libs-release/org/springframework/spring-beans/4.3.13.RELEASE/spring-beans-4.3.13.RELEASE.pom
2018-01-28 16:26:11,044 [Worker-24] INFO  o.e.m.c.i.e.AbstractTransferListenerAdapter - Downloaded https://repo.spring.io/libs-release/org/springframework/spring-beans/4.3.13.RELEASE/spring-beans-4.3.13.RELEASE.pom
2018-01-28 16:26:11,075 [Worker-26] INFO  o.e.m.c.i.e.AbstractTransferListenerAdapter - Downloading https://repo.spring.io/libs-release/org/apache/maven/plugins/maven-install-plugin/2.5.2/maven-install-plugin-2.5.2.jar
2018-01-28 16:26:11,191 [Worker-24] INFO  o.e.m.c.i.e.AbstractTransferListenerAdapter - Downloading https://repo.spring.io/libs-release/org/springframework/spring-expression/4.3.13.RELEASE/spring-expression-4.3.13.RELEASE.pom
2018-01-28 16:26:11,393 [Worker-24] INFO  o.e.m.c.i.e.AbstractTransferListenerAdapter - Downloaded https://repo.spring.io/libs-release/org/springframework/spring-expression/4.3.13.RELEASE/spring-expression-4.3.13.RELEASE.pom
2018-01-28 16:26:11,543 [Worker-24] INFO  o.e.m.c.i.e.AbstractTransferListenerAdapter - Downloading https://repo.spring.io/libs-release/org/springframework/boot/spring-boot-autoconfigure/1.5.9.RELEASE/spring-boot-autoconfigure-1.5.9.RELEASE.pom
2018-01-28 16:26:11,607 [Worker-26] INFO  o.e.m.c.i.e.AbstractTransferListenerAdapter - Downloaded https://repo.spring.io/libs-release/org/apache/maven/plugins/maven-install-plugin/2.5.2/maven-install-plugin-2.5.2.jar
2018-01-28 16:26:11,768 [Worker-24] INFO  o.e.m.c.i.e.AbstractTransferListenerAdapter - Downloaded https://repo.spring.io/libs-release/org/springframework/boot/spring-boot-autoconfigure/1.5.9.RELEASE/spring-boot-autoconfigure-1.5.9.RELEASE.pom
2018-01-28 16:26:11,965 [Worker-26] INFO  o.e.m.c.i.e.AbstractTransferListenerAdapter - Downloading https://repo.spring.io/libs-release/org/apache/maven/plugins/maven-deploy-plugin/2.8.2/maven-deploy-plugin-2.8.2.jar
2018-01-28 16:26:11,979 [Worker-24] INFO  o.e.m.c.i.e.AbstractTransferListenerAdapter - Downloading https://repo.spring.io/libs-release/org/springframework/boot/spring-boot-starter-logging/1.5.9.RELEASE/spring-boot-starter-logging-1.5.9.RELEASE.pom
2018-01-28 16:26:12,190 [Worker-24] INFO  o.e.m.c.i.e.AbstractTransferListenerAdapter - Downloaded https://repo.spring.io/libs-release/org/springframework/boot/spring-boot-starter-logging/1.5.9.RELEASE/spring-boot-starter-logging-1.5.9.RELEASE.pom
2018-01-28 16:26:12,354 [Worker-24] INFO  o.e.m.c.i.e.AbstractTransferListenerAdapter - Downloading https://repo.spring.io/libs-release/ch/qos/logback/logback-classic/1.1.11/logback-classic-1.1.11.pom
2018-01-28 16:26:12,492 [Worker-26] INFO  o.e.m.c.i.e.AbstractTransferListenerAdapter - Downloaded https://repo.spring.io/libs-release/org/apache/maven/plugins/maven-deploy-plugin/2.8.2/maven-deploy-plugin-2.8.2.jar
2018-01-28 16:26:12,512 [Worker-24] INFO  o.e.m.c.i.e.AbstractTransferListenerAdapter - Downloaded https://repo.spring.io/libs-release/ch/qos/logback/logback-classic/1.1.11/logback-classic-1.1.11.pom
2018-01-28 16:26:12,940 [Worker-24] INFO  o.e.m.c.i.e.AbstractTransferListenerAdapter - Downloading https://repo.spring.io/libs-release/ch/qos/logback/logback-parent/1.1.11/logback-parent-1.1.11.pom
2018-01-28 16:26:12,948 [Worker-26] INFO  o.e.m.c.i.e.AbstractTransferListenerAdapter - Downloading https://repo.spring.io/libs-release/org/apache/maven/plugins/maven-site-plugin/3.5.1/maven-site-plugin-3.5.1.jar
2018-01-28 16:26:13,106 [Worker-24] INFO  o.e.m.c.i.e.AbstractTransferListenerAdapter - Downloaded https://repo.spring.io/libs-release/ch/qos/logback/logback-parent/1.1.11/logback-parent-1.1.11.pom
2018-01-28 16:26:13,258 [Worker-24] INFO  o.e.m.c.i.e.AbstractTransferListenerAdapter - Downloading https://repo.spring.io/libs-release/ch/qos/logback/logback-core/1.1.11/logback-core-1.1.11.pom
2018-01-28 16:26:13,494 [Worker-24] INFO  o.e.m.c.i.e.AbstractTransferListenerAdapter - Downloaded https://repo.spring.io/libs-release/ch/qos/logback/logback-core/1.1.11/logback-core-1.1.11.pom
2018-01-28 16:26:13,514 [Worker-26] INFO  o.e.m.c.i.e.AbstractTransferListenerAdapter - Downloaded https://repo.spring.io/libs-release/org/apache/maven/plugins/maven-site-plugin/3.5.1/maven-site-plugin-3.5.1.jar
2018-01-28 16:26:13,648 [Worker-24] INFO  o.e.m.c.i.e.AbstractTransferListenerAdapter - Downloading https://repo.spring.io/libs-release/org/slf4j/slf4j-api/1.7.25/slf4j-api-1.7.25.pom
2018-01-28 16:26:13,842 [Worker-24] INFO  o.e.m.c.i.e.AbstractTransferListenerAdapter - Downloaded https://repo.spring.io/libs-release/org/slf4j/slf4j-api/1.7.25/slf4j-api-1.7.25.pom
2018-01-28 16:26:14,035 [Worker-24] INFO  o.e.m.c.i.e.AbstractTransferListenerAdapter - Downloading https://repo.spring.io/libs-release/org/slf4j/slf4j-parent/1.7.25/slf4j-parent-1.7.25.pom
2018-01-28 16:26:14,291 [Worker-24] INFO  o.e.m.c.i.e.AbstractTransferListenerAdapter - Downloaded https://repo.spring.io/libs-release/org/slf4j/slf4j-parent/1.7.25/slf4j-parent-1.7.25.pom
2018-01-28 16:26:14,567 [Worker-24] INFO  o.e.m.c.i.e.AbstractTransferListenerAdapter - Downloading https://repo.spring.io/libs-release/org/slf4j/jcl-over-slf4j/1.7.25/jcl-over-slf4j-1.7.25.pom
2018-01-28 16:26:15,172 [Worker-24] INFO  o.e.m.c.i.e.AbstractTransferListenerAdapter - Downloaded https://repo.spring.io/libs-release/org/slf4j/jcl-over-slf4j/1.7.25/jcl-over-slf4j-1.7.25.pom
2018-01-28 16:26:15,332 [Worker-24] INFO  o.e.m.c.i.e.AbstractTransferListenerAdapter - Downloading https://repo.spring.io/libs-release/org/slf4j/jul-to-slf4j/1.7.25/jul-to-slf4j-1.7.25.pom
2018-01-28 16:26:15,500 [Worker-24] INFO  o.e.m.c.i.e.AbstractTransferListenerAdapter - Downloaded https://repo.spring.io/libs-release/org/slf4j/jul-to-slf4j/1.7.25/jul-to-slf4j-1.7.25.pom
2018-01-28 16:26:15,635 [Worker-26] INFO  o.e.m.c.i.l.LifecycleMappingFactory - Using org.eclipse.m2e.jdt.JarLifecycleMapping lifecycle mapping for MavenProject: iCare:iCareServer:0.0.1-SNAPSHOT @ C:\Users\User\Desktop\Project_Management\Project-Management-Master\Projects\iCareServer\pom.xml.
2018-01-28 16:26:15,661 [Worker-24] INFO  o.e.m.c.i.e.AbstractTransferListenerAdapter - Downloading https://repo.spring.io/libs-release/org/slf4j/log4j-over-slf4j/1.7.25/log4j-over-slf4j-1.7.25.pom
2018-01-28 16:26:15,855 [Worker-24] INFO  o.e.m.c.i.e.AbstractTransferListenerAdapter - Downloaded https://repo.spring.io/libs-release/org/slf4j/log4j-over-slf4j/1.7.25/log4j-over-slf4j-1.7.25.pom
2018-01-28 16:26:16,063 [Worker-24] INFO  o.e.m.c.i.e.AbstractTransferListenerAdapter - Downloading https://repo.spring.io/libs-release/org/springframework/boot/spring-boot-starter-tomcat/1.5.9.RELEASE/spring-boot-starter-tomcat-1.5.9.RELEASE.pom
2018-01-28 16:26:16,210 [Worker-24] INFO  o.e.m.c.i.e.AbstractTransferListenerAdapter - Downloaded https://repo.spring.io/libs-release/org/springframework/boot/spring-boot-starter-tomcat/1.5.9.RELEASE/spring-boot-starter-tomcat-1.5.9.RELEASE.pom
2018-01-28 16:26:16,373 [Worker-24] INFO  o.e.m.c.i.e.AbstractTransferListenerAdapter - Downloading https://repo.spring.io/libs-release/org/apache/tomcat/embed/tomcat-embed-core/8.5.23/tomcat-embed-core-8.5.23.pom
2018-01-28 16:26:16,538 [Worker-24] INFO  o.e.m.c.i.e.AbstractTransferListenerAdapter - Downloaded https://repo.spring.io/libs-release/org/apache/tomcat/embed/tomcat-embed-core/8.5.23/tomcat-embed-core-8.5.23.pom
2018-01-28 16:26:16,692 [Worker-24] INFO  o.e.m.c.i.e.AbstractTransferListenerAdapter - Downloading https://repo.spring.io/libs-release/org/apache/tomcat/tomcat-annotations-api/8.5.23/tomcat-annotations-api-8.5.23.pom
2018-01-28 16:26:16,841 [Worker-24] INFO  o.e.m.c.i.e.AbstractTransferListenerAdapter - Downloaded https://repo.spring.io/libs-release/org/apache/tomcat/tomcat-annotations-api/8.5.23/tomcat-annotations-api-8.5.23.pom
2018-01-28 16:26:16,994 [Worker-24] INFO  o.e.m.c.i.e.AbstractTransferListenerAdapter - Downloading https://repo.spring.io/libs-release/org/apache/tomcat/embed/tomcat-embed-el/8.5.23/tomcat-embed-el-8.5.23.pom
2018-01-28 16:26:17,138 [Worker-24] INFO  o.e.m.c.i.e.AbstractTransferListenerAdapter - Downloaded https://repo.spring.io/libs-release/org/apache/tomcat/embed/tomcat-embed-el/8.5.23/tomcat-embed-el-8.5.23.pom
2018-01-28 16:26:17,290 [Worker-24] INFO  o.e.m.c.i.e.AbstractTransferListenerAdapter - Downloading https://repo.spring.io/libs-release/org/apache/tomcat/embed/tomcat-embed-websocket/8.5.23/tomcat-embed-websocket-8.5.23.pom
2018-01-28 16:26:17,438 [Worker-24] INFO  o.e.m.c.i.e.AbstractTransferListenerAdapter - Downloaded https://repo.spring.io/libs-release/org/apache/tomcat/embed/tomcat-embed-websocket/8.5.23/tomcat-embed-websocket-8.5.23.pom
2018-01-28 16:26:17,601 [Worker-24] INFO  o.e.m.c.i.e.AbstractTransferListenerAdapter - Downloading https://repo.spring.io/libs-release/org/hibernate/hibernate-validator/5.3.6.Final/hibernate-validator-5.3.6.Final.pom
2018-01-28 16:26:17,770 [Worker-24] INFO  o.e.m.c.i.e.AbstractTransferListenerAdapter - Downloaded https://repo.spring.io/libs-release/org/hibernate/hibernate-validator/5.3.6.Final/hibernate-validator-5.3.6.Final.pom
2018-01-28 16:26:17,928 [Worker-24] INFO  o.e.m.c.i.e.AbstractTransferListenerAdapter - Downloading https://repo.spring.io/libs-release/org/hibernate/hibernate-validator-parent/5.3.6.Final/hibernate-validator-parent-5.3.6.Final.pom
2018-01-28 16:26:18,187 [Worker-24] INFO  o.e.m.c.i.e.AbstractTransferListenerAdapter - Downloaded https://repo.spring.io/libs-release/org/hibernate/hibernate-validator-parent/5.3.6.Final/hibernate-validator-parent-5.3.6.Final.pom
2018-01-28 16:26:18,346 [Worker-24] INFO  o.e.m.c.i.e.AbstractTransferListenerAdapter - Downloading https://repo.spring.io/libs-release/org/jboss/arquillian/arquillian-bom/1.1.11.Final/arquillian-bom-1.1.11.Final.pom
2018-01-28 16:26:18,542 [Worker-24] INFO  o.e.m.c.i.e.AbstractTransferListenerAdapter - Downloaded https://repo.spring.io/libs-release/org/jboss/arquillian/arquillian-bom/1.1.11.Final/arquillian-bom-1.1.11.Final.pom
2018-01-28 16:26:18,733 [Worker-24] INFO  o.e.m.c.i.e.AbstractTransferListenerAdapter - Downloading https://repo.spring.io/libs-release/org/jboss/shrinkwrap/shrinkwrap-bom/1.2.3/shrinkwrap-bom-1.2.3.pom
2018-01-28 16:26:18,881 [Worker-24] INFO  o.e.m.c.i.e.AbstractTransferListenerAdapter - Downloaded https://repo.spring.io/libs-release/org/jboss/shrinkwrap/shrinkwrap-bom/1.2.3/shrinkwrap-bom-1.2.3.pom
2018-01-28 16:26:19,032 [Worker-24] INFO  o.e.m.c.i.e.AbstractTransferListenerAdapter - Downloading https://repo.spring.io/libs-release/org/jboss/shrinkwrap/resolver/shrinkwrap-resolver-bom/2.2.0/shrinkwrap-resolver-bom-2.2.0.pom
2018-01-28 16:26:19,183 [Worker-24] INFO  o.e.m.c.i.e.AbstractTransferListenerAdapter - Downloaded https://repo.spring.io/libs-release/org/jboss/shrinkwrap/resolver/shrinkwrap-resolver-bom/2.2.0/shrinkwrap-resolver-bom-2.2.0.pom
2018-01-28 16:26:19,340 [Worker-24] INFO  o.e.m.c.i.e.AbstractTransferListenerAdapter - Downloading https://repo.spring.io/libs-release/org/jboss/shrinkwrap/descriptors/shrinkwrap-descriptors-bom/2.0.0-alpha-8/shrinkwrap-descriptors-bom-2.0.0-alpha-8.pom
2018-01-28 16:26:19,489 [Worker-24] INFO  o.e.m.c.i.e.AbstractTransferListenerAdapter - Downloaded https://repo.spring.io/libs-release/org/jboss/shrinkwrap/descriptors/shrinkwrap-descriptors-bom/2.0.0-alpha-8/shrinkwrap-descriptors-bom-2.0.0-alpha-8.pom
2018-01-28 16:26:19,672 [Worker-24] INFO  o.e.m.c.i.e.AbstractTransferListenerAdapter - Downloading https://repo.spring.io/libs-release/javax/validation/validation-api/1.1.0.Final/validation-api-1.1.0.Final.pom
2018-01-28 16:26:19,840 [Worker-24] INFO  o.e.m.c.i.e.AbstractTransferListenerAdapter - Downloaded https://repo.spring.io/libs-release/javax/validation/validation-api/1.1.0.Final/validation-api-1.1.0.Final.pom
2018-01-28 16:26:20,037 [Worker-24] INFO  o.e.m.c.i.e.AbstractTransferListenerAdapter - Downloading https://repo.spring.io/libs-release/org/jboss/logging/jboss-logging/3.3.1.Final/jboss-logging-3.3.1.Final.pom
2018-01-28 16:26:20,189 [Worker-24] INFO  o.e.m.c.i.e.AbstractTransferListenerAdapter - Downloaded https://repo.spring.io/libs-release/org/jboss/logging/jboss-logging/3.3.1.Final/jboss-logging-3.3.1.Final.pom
2018-01-28 16:26:20,346 [Worker-24] INFO  o.e.m.c.i.e.AbstractTransferListenerAdapter - Downloading https://repo.spring.io/libs-release/org/jboss/jboss-parent/15/jboss-parent-15.pom
2018-01-28 16:26:20,532 [Worker-24] INFO  o.e.m.c.i.e.AbstractTransferListenerAdapter - Downloaded https://repo.spring.io/libs-release/org/jboss/jboss-parent/15/jboss-parent-15.pom
2018-01-28 16:26:20,684 [Worker-24] INFO  o.e.m.c.i.e.AbstractTransferListenerAdapter - Downloading https://repo.spring.io/libs-release/com/fasterxml/classmate/1.3.4/classmate-1.3.4.pom
2018-01-28 16:26:20,830 [Worker-24] INFO  o.e.m.c.i.e.AbstractTransferListenerAdapter - Downloaded https://repo.spring.io/libs-release/com/fasterxml/classmate/1.3.4/classmate-1.3.4.pom
2018-01-28 16:26:20,985 [Worker-24] INFO  o.e.m.c.i.e.AbstractTransferListenerAdapter - Downloading https://repo.spring.io/libs-release/com/fasterxml/oss-parent/24/oss-parent-24.pom
2018-01-28 16:26:21,169 [Worker-24] INFO  o.e.m.c.i.e.AbstractTransferListenerAdapter - Downloaded https://repo.spring.io/libs-release/com/fasterxml/oss-parent/24/oss-parent-24.pom
2018-01-28 16:26:21,329 [Worker-24] INFO  o.e.m.c.i.e.AbstractTransferListenerAdapter - Downloading https://repo.spring.io/libs-release/com/fasterxml/jackson/core/jackson-databind/2.8.10/jackson-databind-2.8.10.pom
2018-01-28 16:26:21,531 [Worker-24] INFO  o.e.m.c.i.e.AbstractTransferListenerAdapter - Downloaded https://repo.spring.io/libs-release/com/fasterxml/jackson/core/jackson-databind/2.8.10/jackson-databind-2.8.10.pom
2018-01-28 16:26:21,688 [Worker-24] INFO  o.e.m.c.i.e.AbstractTransferListenerAdapter - Downloading https://repo.spring.io/libs-release/com/fasterxml/jackson/core/jackson-annotations/2.8.0/jackson-annotations-2.8.0.pom
2018-01-28 16:26:21,840 [Worker-24] INFO  o.e.m.c.i.e.AbstractTransferListenerAdapter - Downloaded https://repo.spring.io/libs-release/com/fasterxml/jackson/core/jackson-annotations/2.8.0/jackson-annotations-2.8.0.pom
2018-01-28 16:26:21,997 [Worker-24] INFO  o.e.m.c.i.e.AbstractTransferListenerAdapter - Downloading https://repo.spring.io/libs-release/com/fasterxml/jackson/core/jackson-core/2.8.10/jackson-core-2.8.10.pom
2018-01-28 16:26:22,150 [Worker-24] INFO  o.e.m.c.i.e.AbstractTransferListenerAdapter - Downloaded https://repo.spring.io/libs-release/com/fasterxml/jackson/core/jackson-core/2.8.10/jackson-core-2.8.10.pom
2018-01-28 16:26:22,324 [Worker-24] INFO  o.e.m.c.i.e.AbstractTransferListenerAdapter - Downloading https://repo.spring.io/libs-release/org/springframework/spring-web/4.3.13.RELEASE/spring-web-4.3.13.RELEASE.pom
2018-01-28 16:26:22,488 [Worker-24] INFO  o.e.m.c.i.e.AbstractTransferListenerAdapter - Downloaded https://repo.spring.io/libs-release/org/springframework/spring-web/4.3.13.RELEASE/spring-web-4.3.13.RELEASE.pom
2018-01-28 16:26:22,644 [Worker-24] INFO  o.e.m.c.i.e.AbstractTransferListenerAdapter - Downloading https://repo.spring.io/libs-release/org/springframework/spring-webmvc/4.3.13.RELEASE/spring-webmvc-4.3.13.RELEASE.pom
2018-01-28 16:26:22,883 [Worker-24] INFO  o.e.m.c.i.e.AbstractTransferListenerAdapter - Downloaded https://repo.spring.io/libs-release/org/springframework/spring-webmvc/4.3.13.RELEASE/spring-webmvc-4.3.13.RELEASE.pom
2018-01-28 16:26:23,034 [Worker-24] INFO  o.e.m.c.i.e.AbstractTransferListenerAdapter - Downloading https://repo.spring.io/libs-release/org/springframework/boot/spring-boot-starter-test/1.5.9.RELEASE/spring-boot-starter-test-1.5.9.RELEASE.pom
2018-01-28 16:26:23,178 [Worker-24] INFO  o.e.m.c.i.e.AbstractTransferListenerAdapter - Downloaded https://repo.spring.io/libs-release/org/springframework/boot/spring-boot-starter-test/1.5.9.RELEASE/spring-boot-starter-test-1.5.9.RELEASE.pom
2018-01-28 16:26:23,332 [Worker-24] INFO  o.e.m.c.i.e.AbstractTransferListenerAdapter - Downloading https://repo.spring.io/libs-release/org/springframework/boot/spring-boot-test/1.5.9.RELEASE/spring-boot-test-1.5.9.RELEASE.pom
2018-01-28 16:26:23,482 [Worker-24] INFO  o.e.m.c.i.e.AbstractTransferListenerAdapter - Downloaded https://repo.spring.io/libs-release/org/springframework/boot/spring-boot-test/1.5.9.RELEASE/spring-boot-test-1.5.9.RELEASE.pom
2018-01-28 16:26:23,645 [Worker-24] INFO  o.e.m.c.i.e.AbstractTransferListenerAdapter - Downloading https://repo.spring.io/libs-release/org/springframework/boot/spring-boot-test-autoconfigure/1.5.9.RELEASE/spring-boot-test-autoconfigure-1.5.9.RELEASE.pom
2018-01-28 16:26:23,799 [Worker-24] INFO  o.e.m.c.i.e.AbstractTransferListenerAdapter - Downloaded https://repo.spring.io/libs-release/org/springframework/boot/spring-boot-test-autoconfigure/1.5.9.RELEASE/spring-boot-test-autoconfigure-1.5.9.RELEASE.pom
2018-01-28 16:26:23,995 [Worker-24] INFO  o.e.m.c.i.e.AbstractTransferListenerAdapter - Downloading https://repo.spring.io/libs-release/com/jayway/jsonpath/json-path/2.2.0/json-path-2.2.0.pom
2018-01-28 16:26:24,147 [Worker-24] INFO  o.e.m.c.i.e.AbstractTransferListenerAdapter - Downloaded https://repo.spring.io/libs-release/com/jayway/jsonpath/json-path/2.2.0/json-path-2.2.0.pom
2018-01-28 16:26:24,308 [Worker-24] INFO  o.e.m.c.i.e.AbstractTransferListenerAdapter - Downloading https://repo.spring.io/libs-release/net/minidev/json-smart/2.2.1/json-smart-2.2.1.pom
2018-01-28 16:26:24,476 [Worker-24] INFO  o.e.m.c.i.e.AbstractTransferListenerAdapter - Downloaded https://repo.spring.io/libs-release/net/minidev/json-smart/2.2.1/json-smart-2.2.1.pom
2018-01-28 16:26:24,631 [Worker-24] INFO  o.e.m.c.i.e.AbstractTransferListenerAdapter - Downloading https://repo.spring.io/libs-release/net/minidev/accessors-smart/1.1/accessors-smart-1.1.pom
2018-01-28 16:26:24,774 [Worker-24] INFO  o.e.m.c.i.e.AbstractTransferListenerAdapter - Downloaded https://repo.spring.io/libs-release/net/minidev/accessors-smart/1.1/accessors-smart-1.1.pom
2018-01-28 16:26:24,924 [Worker-24] INFO  o.e.m.c.i.e.AbstractTransferListenerAdapter - Downloading https://repo.spring.io/libs-release/net/minidev/minidev-parent/2.2/minidev-parent-2.2.pom
2018-01-28 16:26:25,075 [Worker-24] INFO  o.e.m.c.i.e.AbstractTransferListenerAdapter - Downloaded https://repo.spring.io/libs-release/net/minidev/minidev-parent/2.2/minidev-parent-2.2.pom
2018-01-28 16:26:25,251 [Worker-24] INFO  o.e.m.c.i.e.AbstractTransferListenerAdapter - Downloading https://repo.spring.io/libs-release/org/ow2/asm/asm/5.0.3/asm-5.0.3.pom
2018-01-28 16:26:25,400 [Worker-24] INFO  o.e.m.c.i.e.AbstractTransferListenerAdapter - Downloaded https://repo.spring.io/libs-release/org/ow2/asm/asm/5.0.3/asm-5.0.3.pom
2018-01-28 16:26:25,550 [Worker-24] INFO  o.e.m.c.i.e.AbstractTransferListenerAdapter - Downloading https://repo.spring.io/libs-release/org/ow2/asm/asm-parent/5.0.3/asm-parent-5.0.3.pom
2018-01-28 16:26:25,736 [Worker-24] INFO  o.e.m.c.i.e.AbstractTransferListenerAdapter - Downloaded https://repo.spring.io/libs-release/org/ow2/asm/asm-parent/5.0.3/asm-parent-5.0.3.pom
2018-01-28 16:26:26,012 [Worker-24] INFO  o.e.m.c.i.e.AbstractTransferListenerAdapter - Downloading https://repo.spring.io/libs-release/org/assertj/assertj-core/2.6.0/assertj-core-2.6.0.pom
2018-01-28 16:26:26,169 [Worker-24] INFO  o.e.m.c.i.e.AbstractTransferListenerAdapter - Downloaded https://repo.spring.io/libs-release/org/assertj/assertj-core/2.6.0/assertj-core-2.6.0.pom
2018-01-28 16:26:26,336 [Worker-24] INFO  o.e.m.c.i.e.AbstractTransferListenerAdapter - Downloading https://repo.spring.io/libs-release/org/assertj/assertj-parent-pom/2.1.4/assertj-parent-pom-2.1.4.pom
2018-01-28 16:26:26,491 [Worker-24] INFO  o.e.m.c.i.e.AbstractTransferListenerAdapter - Downloaded https://repo.spring.io/libs-release/org/assertj/assertj-parent-pom/2.1.4/assertj-parent-pom-2.1.4.pom
2018-01-28 16:26:26,674 [Worker-24] INFO  o.e.m.c.i.e.AbstractTransferListenerAdapter - Downloading https://repo.spring.io/libs-release/org/mockito/mockito-core/1.10.19/mockito-core-1.10.19.pom
2018-01-28 16:26:26,824 [Worker-24] INFO  o.e.m.c.i.e.AbstractTransferListenerAdapter - Downloaded https://repo.spring.io/libs-release/org/mockito/mockito-core/1.10.19/mockito-core-1.10.19.pom
2018-01-28 16:26:26,983 [Worker-24] INFO  o.e.m.c.i.e.AbstractTransferListenerAdapter - Downloading https://repo.spring.io/libs-release/org/objenesis/objenesis/2.1/objenesis-2.1.pom
2018-01-28 16:26:27,135 [Worker-24] INFO  o.e.m.c.i.e.AbstractTransferListenerAdapter - Downloaded https://repo.spring.io/libs-release/org/objenesis/objenesis/2.1/objenesis-2.1.pom
2018-01-28 16:26:27,286 [Worker-24] INFO  o.e.m.c.i.e.AbstractTransferListenerAdapter - Downloading https://repo.spring.io/libs-release/org/objenesis/objenesis-parent/2.1/objenesis-parent-2.1.pom
2018-01-28 16:26:27,480 [Worker-24] INFO  o.e.m.c.i.e.AbstractTransferListenerAdapter - Downloaded https://repo.spring.io/libs-release/org/objenesis/objenesis-parent/2.1/objenesis-parent-2.1.pom
2018-01-28 16:26:27,668 [Worker-24] INFO  o.e.m.c.i.e.AbstractTransferListenerAdapter - Downloading https://repo.spring.io/libs-release/org/skyscreamer/jsonassert/1.4.0/jsonassert-1.4.0.pom
2018-01-28 16:26:27,840 [Worker-24] INFO  o.e.m.c.i.e.AbstractTransferListenerAdapter - Downloaded https://repo.spring.io/libs-release/org/skyscreamer/jsonassert/1.4.0/jsonassert-1.4.0.pom
2018-01-28 16:26:28,084 [Worker-24] INFO  o.e.m.c.i.e.AbstractTransferListenerAdapter - Downloading https://repo.spring.io/libs-release/com/vaadin/external/google/android-json/0.0.20131108.vaadin1/android-json-0.0.20131108.vaadin1.pom
2018-01-28 16:26:28,241 [Worker-24] INFO  o.e.m.c.i.e.AbstractTransferListenerAdapter - Downloaded https://repo.spring.io/libs-release/com/vaadin/external/google/android-json/0.0.20131108.vaadin1/android-json-0.0.20131108.vaadin1.pom
2018-01-28 16:26:28,390 [Worker-24] INFO  o.e.m.c.i.e.AbstractTransferListenerAdapter - Downloading https://repo.spring.io/libs-release/org/springframework/spring-test/4.3.13.RELEASE/spring-test-4.3.13.RELEASE.pom
2018-01-28 16:26:28,538 [Worker-24] INFO  o.e.m.c.i.e.AbstractTransferListenerAdapter - Downloaded https://repo.spring.io/libs-release/org/springframework/spring-test/4.3.13.RELEASE/spring-test-4.3.13.RELEASE.pom
2018-01-28 16:26:28,860 [Worker-24] INFO  o.e.m.c.i.e.AbstractTransferListenerAdapter - Downloading https://repo.spring.io/libs-release/org/springframework/boot/spring-boot-starter-web/1.5.9.RELEASE/spring-boot-starter-web-1.5.9.RELEASE.jar
2018-01-28 16:26:29,020 [Worker-24] INFO  o.e.m.c.i.e.AbstractTransferListenerAdapter - Downloaded https://repo.spring.io/libs-release/org/springframework/boot/spring-boot-starter-web/1.5.9.RELEASE/spring-boot-starter-web-1.5.9.RELEASE.jar
2018-01-28 16:26:29,160 [Worker-24] INFO  o.e.m.c.i.e.AbstractTransferListenerAdapter - Downloading https://repo.spring.io/libs-release/org/springframework/boot/spring-boot-starter/1.5.9.RELEASE/spring-boot-starter-1.5.9.RELEASE.jar
2018-01-28 16:26:29,305 [Worker-24] INFO  o.e.m.c.i.e.AbstractTransferListenerAdapter - Downloaded https://repo.spring.io/libs-release/org/springframework/boot/spring-boot-starter/1.5.9.RELEASE/spring-boot-starter-1.5.9.RELEASE.jar
2018-01-28 16:26:29,447 [Worker-24] INFO  o.e.m.c.i.e.AbstractTransferListenerAdapter - Downloading https://repo.spring.io/libs-release/org/springframework/boot/spring-boot/1.5.9.RELEASE/spring-boot-1.5.9.RELEASE.jar
2018-01-28 16:26:30,191 [Worker-24] INFO  o.e.m.c.i.e.AbstractTransferListenerAdapter - Downloaded https://repo.spring.io/libs-release/org/springframework/boot/spring-boot/1.5.9.RELEASE/spring-boot-1.5.9.RELEASE.jar
2018-01-28 16:26:30,328 [Worker-24] INFO  o.e.m.c.i.e.AbstractTransferListenerAdapter - Downloading https://repo.spring.io/libs-release/org/springframework/boot/spring-boot-autoconfigure/1.5.9.RELEASE/spring-boot-autoconfigure-1.5.9.RELEASE.jar
2018-01-28 16:26:31,110 [Worker-24] INFO  o.e.m.c.i.e.AbstractTransferListenerAdapter - Downloaded https://repo.spring.io/libs-release/org/springframework/boot/spring-boot-autoconfigure/1.5.9.RELEASE/spring-boot-autoconfigure-1.5.9.RELEASE.jar
2018-01-28 16:26:31,252 [Worker-24] INFO  o.e.m.c.i.e.AbstractTransferListenerAdapter - Downloading https://repo.spring.io/libs-release/org/springframework/boot/spring-boot-starter-logging/1.5.9.RELEASE/spring-boot-starter-logging-1.5.9.RELEASE.jar
2018-01-28 16:26:31,445 [Worker-24] INFO  o.e.m.c.i.e.AbstractTransferListenerAdapter - Downloaded https://repo.spring.io/libs-release/org/springframework/boot/spring-boot-starter-logging/1.5.9.RELEASE/spring-boot-starter-logging-1.5.9.RELEASE.jar
2018-01-28 16:26:31,589 [Worker-24] INFO  o.e.m.c.i.e.AbstractTransferListenerAdapter - Downloading https://repo.spring.io/libs-release/ch/qos/logback/logback-classic/1.1.11/logback-classic-1.1.11.jar
2018-01-28 16:26:32,069 [Worker-24] INFO  o.e.m.c.i.e.AbstractTransferListenerAdapter - Downloaded https://repo.spring.io/libs-release/ch/qos/logback/logback-classic/1.1.11/logback-classic-1.1.11.jar
2018-01-28 16:26:32,223 [Worker-24] INFO  o.e.m.c.i.e.AbstractTransferListenerAdapter - Downloading https://repo.spring.io/libs-release/ch/qos/logback/logback-core/1.1.11/logback-core-1.1.11.jar
2018-01-28 16:26:32,849 [Worker-24] INFO  o.e.m.c.i.e.AbstractTransferListenerAdapter - Downloaded https://repo.spring.io/libs-release/ch/qos/logback/logback-core/1.1.11/logback-core-1.1.11.jar
2018-01-28 16:26:32,992 [Worker-24] INFO  o.e.m.c.i.e.AbstractTransferListenerAdapter - Downloading https://repo.spring.io/libs-release/org/slf4j/jcl-over-slf4j/1.7.25/jcl-over-slf4j-1.7.25.jar
2018-01-28 16:26:33,147 [Worker-24] INFO  o.e.m.c.i.e.AbstractTransferListenerAdapter - Downloaded https://repo.spring.io/libs-release/org/slf4j/jcl-over-slf4j/1.7.25/jcl-over-slf4j-1.7.25.jar
2018-01-28 16:26:33,288 [Worker-24] INFO  o.e.m.c.i.e.AbstractTransferListenerAdapter - Downloading https://repo.spring.io/libs-release/org/slf4j/jul-to-slf4j/1.7.25/jul-to-slf4j-1.7.25.jar
2018-01-28 16:26:33,458 [Worker-24] INFO  o.e.m.c.i.e.AbstractTransferListenerAdapter - Downloaded https://repo.spring.io/libs-release/org/slf4j/jul-to-slf4j/1.7.25/jul-to-slf4j-1.7.25.jar
2018-01-28 16:26:33,610 [Worker-24] INFO  o.e.m.c.i.e.AbstractTransferListenerAdapter - Downloading https://repo.spring.io/libs-release/org/slf4j/log4j-over-slf4j/1.7.25/log4j-over-slf4j-1.7.25.jar
2018-01-28 16:26:33,804 [Worker-24] INFO  o.e.m.c.i.e.AbstractTransferListenerAdapter - Downloaded https://repo.spring.io/libs-release/org/slf4j/log4j-over-slf4j/1.7.25/log4j-over-slf4j-1.7.25.jar
2018-01-28 16:26:33,944 [Worker-24] INFO  o.e.m.c.i.e.AbstractTransferListenerAdapter - Downloading https://repo.spring.io/libs-release/org/springframework/boot/spring-boot-starter-tomcat/1.5.9.RELEASE/spring-boot-starter-tomcat-1.5.9.RELEASE.jar
2018-01-28 16:26:34,104 [Worker-24] INFO  o.e.m.c.i.e.AbstractTransferListenerAdapter - Downloaded https://repo.spring.io/libs-release/org/springframework/boot/spring-boot-starter-tomcat/1.5.9.RELEASE/spring-boot-starter-tomcat-1.5.9.RELEASE.jar
2018-01-28 16:26:34,244 [Worker-24] INFO  o.e.m.c.i.e.AbstractTransferListenerAdapter - Downloading https://repo.spring.io/libs-release/org/apache/tomcat/embed/tomcat-embed-core/8.5.23/tomcat-embed-core-8.5.23.jar
2018-01-28 16:26:35,938 [Worker-24] INFO  o.e.m.c.i.e.AbstractTransferListenerAdapter - Downloaded https://repo.spring.io/libs-release/org/apache/tomcat/embed/tomcat-embed-core/8.5.23/tomcat-embed-core-8.5.23.jar
2018-01-28 16:26:36,085 [Worker-24] INFO  o.e.m.c.i.e.AbstractTransferListenerAdapter - Downloading https://repo.spring.io/libs-release/org/apache/tomcat/tomcat-annotations-api/8.5.23/tomcat-annotations-api-8.5.23.jar
2018-01-28 16:26:36,239 [Worker-24] INFO  o.e.m.c.i.e.AbstractTransferListenerAdapter - Downloaded https://repo.spring.io/libs-release/org/apache/tomcat/tomcat-annotations-api/8.5.23/tomcat-annotations-api-8.5.23.jar
2018-01-28 16:26:36,387 [Worker-24] INFO  o.e.m.c.i.e.AbstractTransferListenerAdapter - Downloading https://repo.spring.io/libs-release/org/apache/tomcat/embed/tomcat-embed-el/8.5.23/tomcat-embed-el-8.5.23.jar
2018-01-28 16:26:36,714 [Worker-24] INFO  o.e.m.c.i.e.AbstractTransferListenerAdapter - Downloaded https://repo.spring.io/libs-release/org/apache/tomcat/embed/tomcat-embed-el/8.5.23/tomcat-embed-el-8.5.23.jar
2018-01-28 16:26:36,854 [Worker-24] INFO  o.e.m.c.i.e.AbstractTransferListenerAdapter - Downloading https://repo.spring.io/libs-release/org/apache/tomcat/embed/tomcat-embed-websocket/8.5.23/tomcat-embed-websocket-8.5.23.jar
2018-01-28 16:26:37,325 [Worker-24] INFO  o.e.m.c.i.e.AbstractTransferListenerAdapter - Downloaded https://repo.spring.io/libs-release/org/apache/tomcat/embed/tomcat-embed-websocket/8.5.23/tomcat-embed-websocket-8.5.23.jar
2018-01-28 16:26:37,472 [Worker-24] INFO  o.e.m.c.i.e.AbstractTransferListenerAdapter - Downloading https://repo.spring.io/libs-release/org/hibernate/hibernate-validator/5.3.6.Final/hibernate-validator-5.3.6.Final.jar
2018-01-28 16:26:37,988 [Worker-24] INFO  o.e.m.c.i.e.AbstractTransferListenerAdapter - Downloaded https://repo.spring.io/libs-release/org/hibernate/hibernate-validator/5.3.6.Final/hibernate-validator-5.3.6.Final.jar
2018-01-28 16:26:38,133 [Worker-24] INFO  o.e.m.c.i.e.AbstractTransferListenerAdapter - Downloading https://repo.spring.io/libs-release/javax/validation/validation-api/1.1.0.Final/validation-api-1.1.0.Final.jar
2018-01-28 16:26:38,304 [Worker-24] INFO  o.e.m.c.i.e.AbstractTransferListenerAdapter - Downloaded https://repo.spring.io/libs-release/javax/validation/validation-api/1.1.0.Final/validation-api-1.1.0.Final.jar
2018-01-28 16:26:38,449 [Worker-24] INFO  o.e.m.c.i.e.AbstractTransferListenerAdapter - Downloading https://repo.spring.io/libs-release/org/jboss/logging/jboss-logging/3.3.1.Final/jboss-logging-3.3.1.Final.jar
2018-01-28 16:26:38,697 [Worker-24] INFO  o.e.m.c.i.e.AbstractTransferListenerAdapter - Downloaded https://repo.spring.io/libs-release/org/jboss/logging/jboss-logging/3.3.1.Final/jboss-logging-3.3.1.Final.jar
2018-01-28 16:26:38,847 [Worker-24] INFO  o.e.m.c.i.e.AbstractTransferListenerAdapter - Downloading https://repo.spring.io/libs-release/com/fasterxml/classmate/1.3.4/classmate-1.3.4.jar
2018-01-28 16:26:39,093 [Worker-24] INFO  o.e.m.c.i.e.AbstractTransferListenerAdapter - Downloaded https://repo.spring.io/libs-release/com/fasterxml/classmate/1.3.4/classmate-1.3.4.jar
2018-01-28 16:26:39,232 [Worker-24] INFO  o.e.m.c.i.e.AbstractTransferListenerAdapter - Downloading https://repo.spring.io/libs-release/com/fasterxml/jackson/core/jackson-databind/2.8.10/jackson-databind-2.8.10.jar
2018-01-28 16:26:39,959 [Worker-24] INFO  o.e.m.c.i.e.AbstractTransferListenerAdapter - Downloaded https://repo.spring.io/libs-release/com/fasterxml/jackson/core/jackson-databind/2.8.10/jackson-databind-2.8.10.jar
2018-01-28 16:26:40,105 [Worker-24] INFO  o.e.m.c.i.e.AbstractTransferListenerAdapter - Downloading https://repo.spring.io/libs-release/com/fasterxml/jackson/core/jackson-annotations/2.8.0/jackson-annotations-2.8.0.jar
2018-01-28 16:26:40,278 [Worker-24] INFO  o.e.m.c.i.e.AbstractTransferListenerAdapter - Downloaded https://repo.spring.io/libs-release/com/fasterxml/jackson/core/jackson-annotations/2.8.0/jackson-annotations-2.8.0.jar
2018-01-28 16:26:41,408 [Worker-24] INFO  o.e.m.c.i.e.AbstractTransferListenerAdapter - Downloading https://repo.spring.io/libs-release/com/fasterxml/jackson/core/jackson-core/2.8.10/jackson-core-2.8.10.jar
2018-01-28 16:26:41,794 [Worker-24] INFO  o.e.m.c.i.e.AbstractTransferListenerAdapter - Downloaded https://repo.spring.io/libs-release/com/fasterxml/jackson/core/jackson-core/2.8.10/jackson-core-2.8.10.jar
2018-01-28 16:26:41,930 [Worker-24] INFO  o.e.m.c.i.e.AbstractTransferListenerAdapter - Downloading https://repo.spring.io/libs-release/org/springframework/spring-web/4.3.13.RELEASE/spring-web-4.3.13.RELEASE.jar
2018-01-28 16:26:42,530 [Worker-24] INFO  o.e.m.c.i.e.AbstractTransferListenerAdapter - Downloaded https://repo.spring.io/libs-release/org/springframework/spring-web/4.3.13.RELEASE/spring-web-4.3.13.RELEASE.jar
2018-01-28 16:26:42,671 [Worker-24] INFO  o.e.m.c.i.e.AbstractTransferListenerAdapter - Downloading https://repo.spring.io/libs-release/org/springframework/spring-aop/4.3.13.RELEASE/spring-aop-4.3.13.RELEASE.jar
2018-01-28 16:26:43,061 [Worker-24] INFO  o.e.m.c.i.e.AbstractTransferListenerAdapter - Downloaded https://repo.spring.io/libs-release/org/springframework/spring-aop/4.3.13.RELEASE/spring-aop-4.3.13.RELEASE.jar
2018-01-28 16:26:43,199 [Worker-24] INFO  o.e.m.c.i.e.AbstractTransferListenerAdapter - Downloading https://repo.spring.io/libs-release/org/springframework/spring-beans/4.3.13.RELEASE/spring-beans-4.3.13.RELEASE.jar
2018-01-28 16:26:43,748 [Worker-24] INFO  o.e.m.c.i.e.AbstractTransferListenerAdapter - Downloaded https://repo.spring.io/libs-release/org/springframework/spring-beans/4.3.13.RELEASE/spring-beans-4.3.13.RELEASE.jar
2018-01-28 16:26:43,886 [Worker-24] INFO  o.e.m.c.i.e.AbstractTransferListenerAdapter - Downloading https://repo.spring.io/libs-release/org/springframework/spring-context/4.3.13.RELEASE/spring-context-4.3.13.RELEASE.jar
2018-01-28 16:26:44,656 [Worker-24] INFO  o.e.m.c.i.e.AbstractTransferListenerAdapter - Downloaded https://repo.spring.io/libs-release/org/springframework/spring-context/4.3.13.RELEASE/spring-context-4.3.13.RELEASE.jar
2018-01-28 16:26:44,808 [Worker-24] INFO  o.e.m.c.i.e.AbstractTransferListenerAdapter - Downloading https://repo.spring.io/libs-release/org/springframework/spring-webmvc/4.3.13.RELEASE/spring-webmvc-4.3.13.RELEASE.jar
2018-01-28 16:26:45,425 [Worker-24] INFO  o.e.m.c.i.e.AbstractTransferListenerAdapter - Downloaded https://repo.spring.io/libs-release/org/springframework/spring-webmvc/4.3.13.RELEASE/spring-webmvc-4.3.13.RELEASE.jar
2018-01-28 16:26:45,569 [Worker-24] INFO  o.e.m.c.i.e.AbstractTransferListenerAdapter - Downloading https://repo.spring.io/libs-release/org/springframework/spring-expression/4.3.13.RELEASE/spring-expression-4.3.13.RELEASE.jar
2018-01-28 16:26:45,906 [Worker-24] INFO  o.e.m.c.i.e.AbstractTransferListenerAdapter - Downloaded https://repo.spring.io/libs-release/org/springframework/spring-expression/4.3.13.RELEASE/spring-expression-4.3.13.RELEASE.jar
2018-01-28 16:26:46,044 [Worker-24] INFO  o.e.m.c.i.e.AbstractTransferListenerAdapter - Downloading https://repo.spring.io/libs-release/org/springframework/boot/spring-boot-starter-test/1.5.9.RELEASE/spring-boot-starter-test-1.5.9.RELEASE.jar
2018-01-28 16:26:46,189 [Worker-24] INFO  o.e.m.c.i.e.AbstractTransferListenerAdapter - Downloaded https://repo.spring.io/libs-release/org/springframework/boot/spring-boot-starter-test/1.5.9.RELEASE/spring-boot-starter-test-1.5.9.RELEASE.jar
2018-01-28 16:26:46,335 [Worker-24] INFO  o.e.m.c.i.e.AbstractTransferListenerAdapter - Downloading https://repo.spring.io/libs-release/org/springframework/boot/spring-boot-test/1.5.9.RELEASE/spring-boot-test-1.5.9.RELEASE.jar
2018-01-28 16:26:46,615 [Worker-24] INFO  o.e.m.c.i.e.AbstractTransferListenerAdapter - Downloaded https://repo.spring.io/libs-release/org/springframework/boot/spring-boot-test/1.5.9.RELEASE/spring-boot-test-1.5.9.RELEASE.jar
2018-01-28 16:26:46,756 [Worker-24] INFO  o.e.m.c.i.e.AbstractTransferListenerAdapter - Downloading https://repo.spring.io/libs-release/org/springframework/boot/spring-boot-test-autoconfigure/1.5.9.RELEASE/spring-boot-test-autoconfigure-1.5.9.RELEASE.jar
2018-01-28 16:26:47,034 [Worker-24] INFO  o.e.m.c.i.e.AbstractTransferListenerAdapter - Downloaded https://repo.spring.io/libs-release/org/springframework/boot/spring-boot-test-autoconfigure/1.5.9.RELEASE/spring-boot-test-autoconfigure-1.5.9.RELEASE.jar
2018-01-28 16:26:47,178 [Worker-24] INFO  o.e.m.c.i.e.AbstractTransferListenerAdapter - Downloading https://repo.spring.io/libs-release/org/assertj/assertj-core/2.6.0/assertj-core-2.6.0.jar
2018-01-28 16:26:47,805 [Worker-24] INFO  o.e.m.c.i.e.AbstractTransferListenerAdapter - Downloaded https://repo.spring.io/libs-release/org/assertj/assertj-core/2.6.0/assertj-core-2.6.0.jar
2018-01-28 16:26:47,946 [Worker-24] INFO  o.e.m.c.i.e.AbstractTransferListenerAdapter - Downloading https://repo.spring.io/libs-release/org/mockito/mockito-core/1.10.19/mockito-core-1.10.19.jar
2018-01-28 16:26:48,650 [Worker-24] INFO  o.e.m.c.i.e.AbstractTransferListenerAdapter - Downloaded https://repo.spring.io/libs-release/org/mockito/mockito-core/1.10.19/mockito-core-1.10.19.jar
2018-01-28 16:26:48,794 [Worker-24] INFO  o.e.m.c.i.e.AbstractTransferListenerAdapter - Downloading https://repo.spring.io/libs-release/org/objenesis/objenesis/2.1/objenesis-2.1.jar
2018-01-28 16:26:48,952 [Worker-24] INFO  o.e.m.c.i.e.AbstractTransferListenerAdapter - Downloaded https://repo.spring.io/libs-release/org/objenesis/objenesis/2.1/objenesis-2.1.jar
2018-01-28 16:26:49,097 [Worker-24] INFO  o.e.m.c.i.e.AbstractTransferListenerAdapter - Downloading https://repo.spring.io/libs-release/org/skyscreamer/jsonassert/1.4.0/jsonassert-1.4.0.jar
2018-01-28 16:26:49,267 [Worker-24] INFO  o.e.m.c.i.e.AbstractTransferListenerAdapter - Downloaded https://repo.spring.io/libs-release/org/skyscreamer/jsonassert/1.4.0/jsonassert-1.4.0.jar
2018-01-28 16:26:49,406 [Worker-24] INFO  o.e.m.c.i.e.AbstractTransferListenerAdapter - Downloading https://repo.spring.io/libs-release/com/vaadin/external/google/android-json/0.0.20131108.vaadin1/android-json-0.0.20131108.vaadin1.jar
2018-01-28 16:26:49,562 [Worker-24] INFO  o.e.m.c.i.e.AbstractTransferListenerAdapter - Downloaded https://repo.spring.io/libs-release/com/vaadin/external/google/android-json/0.0.20131108.vaadin1/android-json-0.0.20131108.vaadin1.jar
2018-01-28 16:26:49,703 [Worker-24] INFO  o.e.m.c.i.e.AbstractTransferListenerAdapter - Downloading https://repo.spring.io/libs-release/org/springframework/spring-core/4.3.13.RELEASE/spring-core-4.3.13.RELEASE.jar
2018-01-28 16:26:50,449 [Worker-24] INFO  o.e.m.c.i.e.AbstractTransferListenerAdapter - Downloaded https://repo.spring.io/libs-release/org/springframework/spring-core/4.3.13.RELEASE/spring-core-4.3.13.RELEASE.jar
2018-01-28 16:26:50,586 [Worker-24] INFO  o.e.m.c.i.e.AbstractTransferListenerAdapter - Downloading https://repo.spring.io/libs-release/org/springframework/spring-test/4.3.13.RELEASE/spring-test-4.3.13.RELEASE.jar
2018-01-28 16:26:51,065 [Worker-24] INFO  o.e.m.c.i.e.AbstractTransferListenerAdapter - Downloaded https://repo.spring.io/libs-release/org/springframework/spring-test/4.3.13.RELEASE/spring-test-4.3.13.RELEASE.jar
2018-01-28 16:26:51,209 [Worker-24] INFO  o.e.m.c.i.e.AbstractTransferListenerAdapter - Downloading https://repo.spring.io/libs-release/com/jayway/jsonpath/json-path/2.2.0/json-path-2.2.0.jar
2018-01-28 16:26:51,519 [Worker-24] INFO  o.e.m.c.i.e.AbstractTransferListenerAdapter - Downloaded https://repo.spring.io/libs-release/com/jayway/jsonpath/json-path/2.2.0/json-path-2.2.0.jar
2018-01-28 16:26:51,660 [Worker-24] INFO  o.e.m.c.i.e.AbstractTransferListenerAdapter - Downloading https://repo.spring.io/libs-release/net/minidev/json-smart/2.2.1/json-smart-2.2.1.jar
2018-01-28 16:26:51,937 [Worker-24] INFO  o.e.m.c.i.e.AbstractTransferListenerAdapter - Downloaded https://repo.spring.io/libs-release/net/minidev/json-smart/2.2.1/json-smart-2.2.1.jar
2018-01-28 16:26:52,081 [Worker-24] INFO  o.e.m.c.i.e.AbstractTransferListenerAdapter - Downloading https://repo.spring.io/libs-release/net/minidev/accessors-smart/1.1/accessors-smart-1.1.jar
2018-01-28 16:26:52,334 [Worker-24] INFO  o.e.m.c.i.e.AbstractTransferListenerAdapter - Downloaded https://repo.spring.io/libs-release/net/minidev/accessors-smart/1.1/accessors-smart-1.1.jar
2018-01-28 16:26:52,477 [Worker-24] INFO  o.e.m.c.i.e.AbstractTransferListenerAdapter - Downloading https://repo.spring.io/libs-release/org/ow2/asm/asm/5.0.3/asm-5.0.3.jar
2018-01-28 16:26:52,638 [Worker-24] INFO  o.e.m.c.i.e.AbstractTransferListenerAdapter - Downloaded https://repo.spring.io/libs-release/org/ow2/asm/asm/5.0.3/asm-5.0.3.jar
2018-01-28 16:26:52,782 [Worker-24] INFO  o.e.m.c.i.e.AbstractTransferListenerAdapter - Downloading https://repo.spring.io/libs-release/org/slf4j/slf4j-api/1.7.25/slf4j-api-1.7.25.jar
2018-01-28 16:26:52,945 [Worker-24] INFO  o.e.m.c.i.e.AbstractTransferListenerAdapter - Downloaded https://repo.spring.io/libs-release/org/slf4j/slf4j-api/1.7.25/slf4j-api-1.7.25.jar
2018-01-28 16:27:01,202 [Worker-26] INFO  o.e.m.c.i.e.AbstractTransferListenerAdapter - Downloading https://repo.spring.io/libs-release/org/apache/maven/plugins/maven-surefire-plugin/2.18.1/maven-surefire-plugin-2.18.1.pom
2018-01-28 16:27:01,352 [Worker-26] INFO  o.e.m.c.i.e.AbstractTransferListenerAdapter - Downloaded https://repo.spring.io/libs-release/org/apache/maven/plugins/maven-surefire-plugin/2.18.1/maven-surefire-plugin-2.18.1.pom
2018-01-28 16:27:01,518 [Worker-26] INFO  o.e.m.c.i.e.AbstractTransferListenerAdapter - Downloading https://repo.spring.io/libs-release/org/apache/maven/surefire/surefire/2.18.1/surefire-2.18.1.pom
2018-01-28 16:27:01,690 [Worker-26] INFO  o.e.m.c.i.e.AbstractTransferListenerAdapter - Downloaded https://repo.spring.io/libs-release/org/apache/maven/surefire/surefire/2.18.1/surefire-2.18.1.pom
2018-01-28 16:27:01,983 [Worker-26] INFO  o.e.m.c.i.e.AbstractTransferListenerAdapter - Downloading https://repo.spring.io/libs-release/org/apache/maven/plugins/maven-jar-plugin/2.6/maven-jar-plugin-2.6.pom
2018-01-28 16:27:02,140 [Worker-26] INFO  o.e.m.c.i.e.AbstractTransferListenerAdapter - Downloaded https://repo.spring.io/libs-release/org/apache/maven/plugins/maven-jar-plugin/2.6/maven-jar-plugin-2.6.pom
2018-01-28 16:27:03,591 [Worker-26] INFO  o.e.m.c.i.e.AbstractTransferListenerAdapter - Downloading https://repo.spring.io/libs-release/org/codehaus/plexus/plexus-io/2.4/plexus-io-2.4.jar
2018-01-28 16:27:03,983 [Worker-26] INFO  o.e.m.c.i.e.AbstractTransferListenerAdapter - Downloaded https://repo.spring.io/libs-release/org/codehaus/plexus/plexus-io/2.4/plexus-io-2.4.jar
2018-01-28 16:27:05,933 [Worker-26] INFO  o.e.m.c.i.embedder.EclipseLogger - Using 'UTF-8' encoding to copy filtered resources.
2018-01-28 16:27:05,936 [Worker-26] INFO  o.e.m.c.i.embedder.EclipseLogger - Copying 0 resource
2018-01-28 16:27:05,937 [Worker-26] INFO  o.e.m.c.i.embedder.EclipseLogger - Copying 0 resource
2018-01-28 16:27:05,955 [Worker-26] INFO  o.e.m.c.i.embedder.EclipseLogger - Using 'UTF-8' encoding to copy filtered resources.
2018-01-28 16:27:05,955 [Worker-26] INFO  o.e.m.c.i.embedder.EclipseLogger - Copying 0 resource
2018-01-28 16:27:06,531 [Worker-26] INFO  o.e.m.c.i.p.ProjectConfigurationManager - Update started
2018-01-28 16:27:09,469 [Worker-26] INFO  o.e.m.c.i.l.LifecycleMappingFactory - Using org.eclipse.m2e.jdt.JarLifecycleMapping lifecycle mapping for MavenProject: iCare:iCareServer:0.0.1-SNAPSHOT @ C:\Users\User\Desktop\Project_Management\Project-Management-Master\Projects\iCareServer\pom.xml.
2018-01-28 16:27:11,101 [Worker-26] INFO  o.e.m.j.i.AbstractJavaProjectConfigurator - Adding source folder /iCareServer/src/main/java
2018-01-28 16:27:11,102 [Worker-26] INFO  o.e.m.j.i.AbstractJavaProjectConfigurator - Adding resource folder /iCareServer/src/main/resources
2018-01-28 16:27:11,137 [Worker-26] INFO  o.e.m.j.i.AbstractJavaProjectConfigurator - Adding resource folder /iCareServer/src/main/resources
2018-01-28 16:27:11,156 [Worker-26] INFO  o.e.m.j.i.AbstractJavaProjectConfigurator - Adding source folder /iCareServer/src/test/java
2018-01-28 16:27:11,156 [Worker-26] INFO  o.e.m.j.i.AbstractJavaProjectConfigurator - Adding resource folder /iCareServer/src/test/resources
2018-01-28 16:27:12,537 [Worker-26] INFO  o.e.m.c.i.p.ProjectConfigurationManager - Update completed: 6 sec
2018-01-28 16:27:17,407 [Worker-25] INFO  o.e.m.c.i.embedder.EclipseLogger - Using 'UTF-8' encoding to copy filtered resources.
2018-01-28 16:27:17,409 [Worker-25] INFO  o.e.m.c.i.embedder.EclipseLogger - Copying 0 resource
2018-01-28 16:27:17,410 [Worker-25] INFO  o.e.m.c.i.embedder.EclipseLogger - Copying 0 resource
2018-01-28 16:27:17,415 [Worker-25] INFO  o.e.m.c.i.embedder.EclipseLogger - Using 'UTF-8' encoding to copy filtered resources.
2018-01-28 16:27:17,417 [Worker-25] INFO  o.e.m.c.i.embedder.EclipseLogger - Copying 0 resource
2018-01-28 16:29:06,508 [Worker-27] INFO  o.e.m.c.i.embedder.EclipseLogger - Using 'UTF-8' encoding to copy filtered resources.
2018-01-28 16:29:06,514 [Worker-27] INFO  o.e.m.c.i.embedder.EclipseLogger - Copying 0 resource
2018-01-28 16:29:06,515 [Worker-27] INFO  o.e.m.c.i.embedder.EclipseLogger - Copying 0 resource
2018-01-28 16:29:06,517 [Worker-27] INFO  o.e.m.c.i.embedder.EclipseLogger - Using 'UTF-8' encoding to copy filtered resources.
2018-01-28 16:29:06,517 [Worker-27] INFO  o.e.m.c.i.embedder.EclipseLogger - Copying 0 resource
2018-01-28 16:29:07,624 [Worker-24] INFO  o.e.m.c.i.embedder.EclipseLogger - Using 'UTF-8' encoding to copy filtered resources.
2018-01-28 16:29:07,625 [Worker-24] INFO  o.e.m.c.i.embedder.EclipseLogger - Copying 0 resource
2018-01-28 16:29:07,625 [Worker-24] INFO  o.e.m.c.i.embedder.EclipseLogger - Copying 0 resource
2018-01-28 16:29:07,629 [Worker-24] INFO  o.e.m.c.i.embedder.EclipseLogger - Using 'UTF-8' encoding to copy filtered resources.
2018-01-28 16:29:07,630 [Worker-24] INFO  o.e.m.c.i.embedder.EclipseLogger - Copying 0 resource
2018-01-28 16:29:30,874 [Worker-27] INFO  o.e.m.c.i.embedder.EclipseLogger - Using 'UTF-8' encoding to copy filtered resources.
2018-01-28 16:29:30,875 [Worker-27] INFO  o.e.m.c.i.embedder.EclipseLogger - Copying 0 resource
2018-01-28 16:29:30,876 [Worker-27] INFO  o.e.m.c.i.embedder.EclipseLogger - Copying 0 resource
2018-01-28 16:29:30,879 [Worker-27] INFO  o.e.m.c.i.embedder.EclipseLogger - Using 'UTF-8' encoding to copy filtered resources.
2018-01-28 16:29:30,879 [Worker-27] INFO  o.e.m.c.i.embedder.EclipseLogger - Copying 0 resource
2018-01-28 16:30:07,897 [Worker-27] INFO  o.e.m.c.i.embedder.EclipseLogger - Using 'UTF-8' encoding to copy filtered resources.
2018-01-28 16:30:07,898 [Worker-27] INFO  o.e.m.c.i.embedder.EclipseLogger - Copying 0 resource
2018-01-28 16:30:07,899 [Worker-27] INFO  o.e.m.c.i.embedder.EclipseLogger - Copying 0 resource
2018-01-28 16:30:07,902 [Worker-27] INFO  o.e.m.c.i.embedder.EclipseLogger - Using 'UTF-8' encoding to copy filtered resources.
2018-01-28 16:30:07,902 [Worker-27] INFO  o.e.m.c.i.embedder.EclipseLogger - Copying 0 resource
2018-01-28 16:30:31,698 [Worker-27] INFO  o.e.m.c.i.embedder.EclipseLogger - Using 'UTF-8' encoding to copy filtered resources.
2018-01-28 16:30:31,700 [Worker-27] INFO  o.e.m.c.i.embedder.EclipseLogger - Copying 0 resource
2018-01-28 16:30:31,700 [Worker-27] INFO  o.e.m.c.i.embedder.EclipseLogger - Copying 0 resource
2018-01-28 16:30:31,703 [Worker-27] INFO  o.e.m.c.i.embedder.EclipseLogger - Using 'UTF-8' encoding to copy filtered resources.
2018-01-28 16:30:31,704 [Worker-27] INFO  o.e.m.c.i.embedder.EclipseLogger - Copying 0 resource
2018-01-28 16:33:35,839 [Worker-27] INFO  o.e.m.c.i.embedder.EclipseLogger - Using 'UTF-8' encoding to copy filtered resources.
2018-01-28 16:33:35,847 [Worker-27] INFO  o.e.m.c.i.embedder.EclipseLogger - Copying 0 resource
2018-01-28 16:33:35,851 [Worker-27] INFO  o.e.m.c.i.embedder.EclipseLogger - Copying 0 resource
2018-01-28 16:33:35,856 [Worker-27] INFO  o.e.m.c.i.embedder.EclipseLogger - Using 'UTF-8' encoding to copy filtered resources.
2018-01-28 16:33:35,856 [Worker-27] INFO  o.e.m.c.i.embedder.EclipseLogger - Copying 0 resource
2018-01-28 16:33:46,386 [Worker-24] INFO  o.e.m.c.i.embedder.EclipseLogger - Using 'UTF-8' encoding to copy filtered resources.
2018-01-28 16:33:46,387 [Worker-24] INFO  o.e.m.c.i.embedder.EclipseLogger - Copying 0 resource
2018-01-28 16:33:46,388 [Worker-24] INFO  o.e.m.c.i.embedder.EclipseLogger - Copying 0 resource
2018-01-28 16:33:46,394 [Worker-24] INFO  o.e.m.c.i.embedder.EclipseLogger - Using 'UTF-8' encoding to copy filtered resources.
2018-01-28 16:33:46,395 [Worker-24] INFO  o.e.m.c.i.embedder.EclipseLogger - Copying 0 resource
